<?xml version="1.0" encoding="UTF-8"?>
<!-- Generated by org.testng.reporters.JUnitReportReporter -->
<testsuite hostname="VSULTANOV-L01" failures="0" tests="4" name="tests.UserTests2" time="4.877" errors="0" timestamp="2024-05-14T15:26:28 UZT" skipped="0">
  <testcase classname="tests.UserTests2" name="testPOSTuser" time="1.042"/>
  <testcase classname="tests.UserTests2" name="testGetUserByName" time="0.951"/>
  <testcase classname="tests.UserTests2" name="updateUserByName" time="1.928"/>
  <testcase classname="tests.UserTests2" name="testDeleteUserByName" time="0.956"/>
</testsuite> <!-- tests.UserTests2 -->
