<?xml version="1.0" encoding="UTF-8"?>
<!-- Generated by org.testng.reporters.JUnitReportReporter -->
<testsuite hostname="VSULTANOV-L01" failures="0" tests="4" name="tests.UserTests" time="6.243" errors="0" timestamp="2024-05-14T14:17:03 UZT" skipped="0">
  <testcase classname="tests.UserTests" name="testPOSTuser" time="2.497"/>
  <testcase classname="tests.UserTests" name="testGetUserByName" time="0.952"/>
  <testcase classname="tests.UserTests" name="updateUserByName" time="1.862"/>
  <testcase classname="tests.UserTests" name="testDeleteUserByName" time="0.932"/>
</testsuite> <!-- tests.UserTests -->
