<?xml version="1.0" encoding="UTF-8"?>
<!-- Generated by org.testng.reporters.JUnitReportReporter -->
<testsuite hostname="VSULTANOV-L01" failures="0" tests="10" name="tests.DDTests" time="10.376" errors="0" timestamp="2024-05-14T15:26:28 UZT" skipped="0">
  <testcase classname="tests.DDTests" name="testPOSTUser" time="0.924"/>
  <testcase classname="tests.DDTests" name="testPOSTUser" time="0.924"/>
  <testcase classname="tests.DDTests" name="testPOSTUser" time="1.846"/>
  <testcase classname="tests.DDTests" name="testPOSTUser" time="1.060"/>
  <testcase classname="tests.DDTests" name="testPOSTUser" time="0.962"/>
  <testcase classname="tests.DDTests" name="deleteUserByName" time="0.917"/>
  <testcase classname="tests.DDTests" name="deleteUserByName" time="0.948"/>
  <testcase classname="tests.DDTests" name="deleteUserByName" time="0.942"/>
  <testcase classname="tests.DDTests" name="deleteUserByName" time="0.930"/>
  <testcase classname="tests.DDTests" name="deleteUserByName" time="0.923"/>
</testsuite> <!-- tests.DDTests -->
