<?xml version="1.0" encoding="UTF-8"?>
<!-- Generated by org.testng.reporters.JUnitReportReporter -->
<testsuite hostname="ToporusanPC1" failures="0" tests="10" name="tests.DDTests" time="10.020" errors="0" timestamp="2024-05-15T05:36:45 UZT" skipped="0">
  <testcase classname="tests.DDTests" name="testPOSTUser" time="0.910"/>
  <testcase classname="tests.DDTests" name="testPOSTUser" time="0.896"/>
  <testcase classname="tests.DDTests" name="testPOSTUser" time="0.910"/>
  <testcase classname="tests.DDTests" name="testPOSTUser" time="0.912"/>
  <testcase classname="tests.DDTests" name="testPOSTUser" time="1.853"/>
  <testcase classname="tests.DDTests" name="deleteUserByName" time="0.908"/>
  <testcase classname="tests.DDTests" name="deleteUserByName" time="0.907"/>
  <testcase classname="tests.DDTests" name="deleteUserByName" time="0.919"/>
  <testcase classname="tests.DDTests" name="deleteUserByName" time="0.897"/>
  <testcase classname="tests.DDTests" name="deleteUserByName" time="0.908"/>
</testsuite> <!-- tests.DDTests -->
