<?xml version="1.0" encoding="UTF-8"?>
<!-- Generated by org.testng.reporters.JUnitReportReporter -->
<testsuite hostname="VSULTANOV-L01" failures="0" tests="4" name="tests.UserTests" time="4.652" errors="0" timestamp="2024-05-14T15:08:53 UZT" skipped="0">
  <testcase classname="tests.UserTests" name="testPOSTuser" time="0.952"/>
  <testcase classname="tests.UserTests" name="testGetUserByName" time="0.948"/>
  <testcase classname="tests.UserTests" name="updateUserByName" time="1.823"/>
  <testcase classname="tests.UserTests" name="testDeleteUserByName" time="0.929"/>
</testsuite> <!-- tests.UserTests -->
