<?xml version="1.0" encoding="UTF-8"?>
<!-- Generated by org.testng.reporters.JUnitReportReporter -->
<testsuite hostname="VSULTANOV-L01" failures="0" tests="10" name="tests.DDTests" time="12.700" errors="0" timestamp="2024-05-14T14:47:38 UZT" skipped="0">
  <testcase classname="tests.DDTests" name="testPOSTUser" time="1.441"/>
  <testcase classname="tests.DDTests" name="testPOSTUser" time="0.924"/>
  <testcase classname="tests.DDTests" name="testPOSTUser" time="2.305"/>
  <testcase classname="tests.DDTests" name="testPOSTUser" time="1.274"/>
  <testcase classname="tests.DDTests" name="testPOSTUser" time="1.676"/>
  <testcase classname="tests.DDTests" name="deleteUserByName" time="0.929"/>
  <testcase classname="tests.DDTests" name="deleteUserByName" time="1.406"/>
  <testcase classname="tests.DDTests" name="deleteUserByName" time="0.898"/>
  <testcase classname="tests.DDTests" name="deleteUserByName" time="0.927"/>
  <testcase classname="tests.DDTests" name="deleteUserByName" time="0.920"/>
</testsuite> <!-- tests.DDTests -->
