<?xml version="1.0" encoding="UTF-8"?>
<!-- Generated by org.testng.reporters.JUnitReportReporter -->
<testsuite hostname="VSULTANOV-L01" failures="0" tests="4" name="tests.UserTests2" time="5.830" errors="0" timestamp="2024-05-14T14:47:38 UZT" skipped="0">
  <testcase classname="tests.UserTests2" name="testPOSTuser" time="1.239"/>
  <testcase classname="tests.UserTests2" name="testGetUserByName" time="1.500"/>
  <testcase classname="tests.UserTests2" name="updateUserByName" time="1.805"/>
  <testcase classname="tests.UserTests2" name="testDeleteUserByName" time="1.286"/>
</testsuite> <!-- tests.UserTests2 -->
