<?xml version="1.0" encoding="UTF-8"?>
<!-- Generated by org.testng.reporters.JUnitReportReporter -->
<testsuite hostname="ToporusanPC1" failures="0" tests="4" name="tests.UserTests2" time="5.564" errors="0" timestamp="2024-05-15T06:59:25 UZT" skipped="0">
  <testcase classname="tests.UserTests2" name="testPOSTuser" time="1.944"/>
  <testcase classname="tests.UserTests2" name="testGetUserByName" time="0.929"/>
  <testcase classname="tests.UserTests2" name="updateUserByName" time="1.807"/>
  <testcase classname="tests.UserTests2" name="testDeleteUserByName" time="0.884"/>
</testsuite> <!-- tests.UserTests2 -->
